{"name": "test_create_asset", "status": "broken", "statusDetails": {"message": "selenium.common.exceptions.TimeoutException: Message: \nStacktrace:\n#0 0x563b9bf77d93 <unknown>\n#1 0x563b9bd462d7 <unknown>\n#2 0x563b9bd82caa <unknown>\n#3 0x563b9bd82db1 <unknown>\n#4 0x563b9bdc08f4 <unknown>\n#5 0x563b9bda661d <unknown>\n#6 0x563b9bdbe619 <unknown>\n#7 0x563b9bda6353 <unknown>\n#8 0x563b9bd75e40 <unknown>\n#9 0x563b9bd77038 <unknown>\n#10 0x563b9bfcb8be <unknown>\n#11 0x563b9bfcf8f0 <unknown>\n#12 0x563b9bfaff90 <unknown>\n#13 0x563b9bfd0b7d <unknown>\n#14 0x563b9bfa1578 <unknown>\n#15 0x563b9bff5348 <unknown>\n#16 0x563b9bff54d6 <unknown>\n#17 0x563b9c00f341 <unknown>\n#18 0x7fbeaae94b43 <unknown>", "trace": "self = <TestCases.Package_entity_management.TC_asset.Test_Asset testMethod=test_create_asset>\n\n    @allure.description(\"Should create the asset\")\n    @allure.severity(severity_level=\"CRITICAL\")\n    @pytest.mark.order(5_04)\n    def test_create_asset(self):\n       self.asset = asset(self.driver)\n       self.asset.modal(\"Model_10\")\n       self.asset.rating(\"9.0\")\n       self.asset.factory_barcode(\"OXPWR\")\n       self.asset.category(\"Asset Category 512\")\n       self.asset.Manufacturer(\"TestName1\")\n>      self.asset.create_asset()\n\nTestCases/Package_entity_management/TC_asset.py:59: \n_ _ _ _ _ _ _ _ _ _ _ _ _ _ _ _ _ _ _ _ _ _ _ _ _ _ _ _ _ _ _ _ _ _ _ _ _ _ _ _ _ _ _ _ _ _ _ _ _ _ _ _ _ _ _ _ _ _ _ _ _ _ _ _ _ _ _ _ _ _ _ _ _ _ _ _ _ _\npage_objects/entity_Management/asset.py:93: in create_asset\n    self.msg=WebDriverWait(self.driver, 10).until(EC.visibility_of_element_located((By.XPATH,'//div[@class=\"toastr-text\"]//p[normalize-space()=\"Successfully Created\"]')))\n_ _ _ _ _ _ _ _ _ _ _ _ _ _ _ _ _ _ _ _ _ _ _ _ _ _ _ _ _ _ _ _ _ _ _ _ _ _ _ _ _ _ _ _ _ _ _ _ _ _ _ _ _ _ _ _ _ _ _ _ _ _ _ _ _ _ _ _ _ _ _ _ _ _ _ _ _ _\n\nself = <selenium.webdriver.support.wait.WebDriverWait (session=\"7375bf4112d9192bd176044077a9d4d3\")>\nmethod = <function visibility_of_element_located.<locals>._predicate at 0x7efcaef2f0a0>, message = ''\n\n    def until(self, method, message: str = \"\"):\n        \"\"\"Calls the method provided with the driver as an argument until the \\\n        return value does not evaluate to ``False``.\n    \n        :param method: callable(WebDriver)\n        :param message: optional message for :exc:`TimeoutException`\n        :returns: the result of the last call to `method`\n        :raises: :exc:`selenium.common.exceptions.TimeoutException` if timeout occurs\n        \"\"\"\n        screen = None\n        stacktrace = None\n    \n        end_time = time.monotonic() + self._timeout\n        while True:\n            try:\n                value = method(self._driver)\n                if value:\n                    return value\n            except self._ignored_exceptions as exc:\n                screen = getattr(exc, \"screen\", None)\n                stacktrace = getattr(exc, \"stacktrace\", None)\n            time.sleep(self._poll)\n            if time.monotonic() > end_time:\n                break\n>       raise TimeoutException(message, screen, stacktrace)\nE       selenium.common.exceptions.TimeoutException: Message: \nE       Stacktrace:\nE       #0 0x563b9bf77d93 <unknown>\nE       #1 0x563b9bd462d7 <unknown>\nE       #2 0x563b9bd82caa <unknown>\nE       #3 0x563b9bd82db1 <unknown>\nE       #4 0x563b9bdc08f4 <unknown>\nE       #5 0x563b9bda661d <unknown>\nE       #6 0x563b9bdbe619 <unknown>\nE       #7 0x563b9bda6353 <unknown>\nE       #8 0x563b9bd75e40 <unknown>\nE       #9 0x563b9bd77038 <unknown>\nE       #10 0x563b9bfcb8be <unknown>\nE       #11 0x563b9bfcf8f0 <unknown>\nE       #12 0x563b9bfaff90 <unknown>\nE       #13 0x563b9bfd0b7d <unknown>\nE       #14 0x563b9bfa1578 <unknown>\nE       #15 0x563b9bff5348 <unknown>\nE       #16 0x563b9bff54d6 <unknown>\nE       #17 0x563b9c00f341 <unknown>\nE       #18 0x7fbeaae94b43 <unknown>\n\n../../.local/lib/python3.10/site-packages/selenium/webdriver/support/wait.py:95: TimeoutException"}, "description": "Should create the asset", "start": 1678888137669, "stop": 1678888149528, "uuid": "adb465d9-eb97-463b-8d62-696d89290e0f", "historyId": "dd45e95f47365c88504cd855d1582897", "testCaseId": "c453dc2253917faf658af2886db9c186", "fullName": "Test_Suites.test_all_module.Test_Asset#test_create_asset", "labels": [{"name": "severity", "value": "CRITICAL"}, {"name": "tag", "value": "order(504)"}, {"name": "tag", "value": "@pytest.mark.usefixtures('init_driver')"}, {"name": "parentSuite", "value": "Test_Suites"}, {"name": "suite", "value": "test_all_module"}, {"name": "subSuite", "value": "Test_Asset"}, {"name": "host", "value": "sujith-HP-Compaq-Elite-8300-SFF"}, {"name": "thread", "value": "81838-MainThread"}, {"name": "framework", "value": "pytest"}, {"name": "language", "value": "cpython3"}, {"name": "package", "value": "Test_Suites.test_all_module"}]}