{"name": "test_edit_mandatory_fields", "status": "broken", "statusDetails": {"message": "selenium.common.exceptions.TimeoutException: Message: \nStacktrace:\n#0 0x562f32d18d93 <unknown>\n#1 0x562f32ae72d7 <unknown>\n#2 0x562f32b23caa <unknown>\n#3 0x562f32b23db1 <unknown>\n#4 0x562f32b618f4 <unknown>\n#5 0x562f32b4761d <unknown>\n#6 0x562f32b5f619 <unknown>\n#7 0x562f32b47353 <unknown>\n#8 0x562f32b16e40 <unknown>\n#9 0x562f32b18038 <unknown>\n#10 0x562f32d6c8be <unknown>\n#11 0x562f32d708f0 <unknown>\n#12 0x562f32d50f90 <unknown>\n#13 0x562f32d71b7d <unknown>\n#14 0x562f32d42578 <unknown>\n#15 0x562f32d96348 <unknown>\n#16 0x562f32d964d6 <unknown>\n#17 0x562f32db0341 <unknown>\n#18 0x7fcc14c94b43 <unknown>", "trace": "self = <TestCases.Package_entity_management.TC_failure_reason.Test_Failure_Reason testMethod=test_edit_mandatory_fields>\n\n    @allure.description(\"Should display the validation message on mandatory fields\")\n    @allure.severity(severity_level=\"CRITICAL\")\n    @pytest.mark.order(7_08)\n    def test_edit_mandatory_fields(self):\n        self.failure_reason =failure_reason(self.driver)\n>       self.failure_reason.edit_failure_reason_mandatory_field()\n\nTestCases/Package_entity_management/TC_failure_reason.py:80: \n_ _ _ _ _ _ _ _ _ _ _ _ _ _ _ _ _ _ _ _ _ _ _ _ _ _ _ _ _ _ _ _ _ _ _ _ _ _ _ _ _ _ _ _ _ _ _ _ _ _ _ _ _ _ _ _ _ _ _ _ _ _ _ _ _ _ _ _ _ _ _ _ _ _ _ _ _ _\npage_objects/entity_Management/failure_reason.py:131: in edit_failure_reason_mandatory_field\n    element = WebDriverWait(self.driver, 10).until(\n_ _ _ _ _ _ _ _ _ _ _ _ _ _ _ _ _ _ _ _ _ _ _ _ _ _ _ _ _ _ _ _ _ _ _ _ _ _ _ _ _ _ _ _ _ _ _ _ _ _ _ _ _ _ _ _ _ _ _ _ _ _ _ _ _ _ _ _ _ _ _ _ _ _ _ _ _ _\n\nself = <selenium.webdriver.support.wait.WebDriverWait (session=\"2e6fc13f9f19b167081423f0098ce578\")>\nmethod = <function presence_of_element_located.<locals>._predicate at 0x7fc38a59ed40>, message = ''\n\n    def until(self, method, message: str = \"\"):\n        \"\"\"Calls the method provided with the driver as an argument until the \\\n        return value does not evaluate to ``False``.\n    \n        :param method: callable(WebDriver)\n        :param message: optional message for :exc:`TimeoutException`\n        :returns: the result of the last call to `method`\n        :raises: :exc:`selenium.common.exceptions.TimeoutException` if timeout occurs\n        \"\"\"\n        screen = None\n        stacktrace = None\n    \n        end_time = time.monotonic() + self._timeout\n        while True:\n            try:\n                value = method(self._driver)\n                if value:\n                    return value\n            except self._ignored_exceptions as exc:\n                screen = getattr(exc, \"screen\", None)\n                stacktrace = getattr(exc, \"stacktrace\", None)\n            time.sleep(self._poll)\n            if time.monotonic() > end_time:\n                break\n>       raise TimeoutException(message, screen, stacktrace)\nE       selenium.common.exceptions.TimeoutException: Message: \nE       Stacktrace:\nE       #0 0x562f32d18d93 <unknown>\nE       #1 0x562f32ae72d7 <unknown>\nE       #2 0x562f32b23caa <unknown>\nE       #3 0x562f32b23db1 <unknown>\nE       #4 0x562f32b618f4 <unknown>\nE       #5 0x562f32b4761d <unknown>\nE       #6 0x562f32b5f619 <unknown>\nE       #7 0x562f32b47353 <unknown>\nE       #8 0x562f32b16e40 <unknown>\nE       #9 0x562f32b18038 <unknown>\nE       #10 0x562f32d6c8be <unknown>\nE       #11 0x562f32d708f0 <unknown>\nE       #12 0x562f32d50f90 <unknown>\nE       #13 0x562f32d71b7d <unknown>\nE       #14 0x562f32d42578 <unknown>\nE       #15 0x562f32d96348 <unknown>\nE       #16 0x562f32d964d6 <unknown>\nE       #17 0x562f32db0341 <unknown>\nE       #18 0x7fcc14c94b43 <unknown>\n\n../../.local/lib/python3.10/site-packages/selenium/webdriver/support/wait.py:95: TimeoutException"}, "description": "Should display the validation message on mandatory fields", "start": 1678878354081, "stop": 1678878364922, "uuid": "91277926-d4c6-4e01-a07f-c2c8f42a42a5", "historyId": "f004c913d1c8f3058809811b4150bd25", "testCaseId": "9ccbf66032f33b42fa46506bc1069670", "fullName": "Test_Suites.test_all_module.Test_Failure_Reason#test_edit_mandatory_fields", "labels": [{"name": "severity", "value": "CRITICAL"}, {"name": "tag", "value": "order(708)"}, {"name": "tag", "value": "@pytest.mark.usefixtures('init_driver')"}, {"name": "parentSuite", "value": "Test_Suites"}, {"name": "suite", "value": "test_all_module"}, {"name": "subSuite", "value": "Test_Failure_Reason"}, {"name": "host", "value": "sujith-HP-Compaq-Elite-8300-SFF"}, {"name": "thread", "value": "59206-MainThread"}, {"name": "framework", "value": "pytest"}, {"name": "language", "value": "cpython3"}, {"name": "package", "value": "Test_Suites.test_all_module"}]}