{"name": "test_edit_mandatory_fields", "status": "broken", "statusDetails": {"message": "selenium.common.exceptions.TimeoutException: Message: \nStacktrace:\n#0 0x5596b6936d93 <unknown>\n#1 0x5596b67052d7 <unknown>\n#2 0x5596b6741caa <unknown>\n#3 0x5596b6741db1 <unknown>\n#4 0x5596b677f8f4 <unknown>\n#5 0x5596b676561d <unknown>\n#6 0x5596b677d619 <unknown>\n#7 0x5596b6765353 <unknown>\n#8 0x5596b6734e40 <unknown>\n#9 0x5596b6736038 <unknown>\n#10 0x5596b698a8be <unknown>\n#11 0x5596b698e8f0 <unknown>\n#12 0x5596b696ef90 <unknown>\n#13 0x5596b698fb7d <unknown>\n#14 0x5596b6960578 <unknown>\n#15 0x5596b69b4348 <unknown>\n#16 0x5596b69b44d6 <unknown>\n#17 0x5596b69ce341 <unknown>\n#18 0x7fdf41c94b43 <unknown>", "trace": "self = <TestCases.Package_entity_management.TC_asset.Test_Asset testMethod=test_edit_mandatory_fields>\n\n    @allure.description(\"Should display validation message on mandatory field\")\n    @allure.severity(severity_level=\"CRITICAL\")\n    @pytest.mark.order(5_08)\n    def test_edit_mandatory_fields(self):\n        self.asset = asset(self.driver)\n>       self.asset.edit_asset_mandatory_field()\n\nTestCases/Package_entity_management/TC_asset.py:84: \n_ _ _ _ _ _ _ _ _ _ _ _ _ _ _ _ _ _ _ _ _ _ _ _ _ _ _ _ _ _ _ _ _ _ _ _ _ _ _ _ _ _ _ _ _ _ _ _ _ _ _ _ _ _ _ _ _ _ _ _ _ _ _ _ _ _ _ _ _ _ _ _ _ _ _ _ _ _\npage_objects/entity_Management/asset.py:154: in edit_asset_mandatory_field\n    save_information_btn = WebDriverWait(self.driver, 20).until(EC.element_to_be_clickable((By.XPATH,self.btn_save_information_xpath)))\n_ _ _ _ _ _ _ _ _ _ _ _ _ _ _ _ _ _ _ _ _ _ _ _ _ _ _ _ _ _ _ _ _ _ _ _ _ _ _ _ _ _ _ _ _ _ _ _ _ _ _ _ _ _ _ _ _ _ _ _ _ _ _ _ _ _ _ _ _ _ _ _ _ _ _ _ _ _\n\nself = <selenium.webdriver.support.wait.WebDriverWait (session=\"688f6a0a4ef7859946098a4104f91559\")>\nmethod = <function element_to_be_clickable.<locals>._predicate at 0x7f067911d5a0>, message = ''\n\n    def until(self, method, message: str = \"\"):\n        \"\"\"Calls the method provided with the driver as an argument until the \\\n        return value does not evaluate to ``False``.\n    \n        :param method: callable(WebDriver)\n        :param message: optional message for :exc:`TimeoutException`\n        :returns: the result of the last call to `method`\n        :raises: :exc:`selenium.common.exceptions.TimeoutException` if timeout occurs\n        \"\"\"\n        screen = None\n        stacktrace = None\n    \n        end_time = time.monotonic() + self._timeout\n        while True:\n            try:\n                value = method(self._driver)\n                if value:\n                    return value\n            except self._ignored_exceptions as exc:\n                screen = getattr(exc, \"screen\", None)\n                stacktrace = getattr(exc, \"stacktrace\", None)\n            time.sleep(self._poll)\n            if time.monotonic() > end_time:\n                break\n>       raise TimeoutException(message, screen, stacktrace)\nE       selenium.common.exceptions.TimeoutException: Message: \nE       Stacktrace:\nE       #0 0x5596b6936d93 <unknown>\nE       #1 0x5596b67052d7 <unknown>\nE       #2 0x5596b6741caa <unknown>\nE       #3 0x5596b6741db1 <unknown>\nE       #4 0x5596b677f8f4 <unknown>\nE       #5 0x5596b676561d <unknown>\nE       #6 0x5596b677d619 <unknown>\nE       #7 0x5596b6765353 <unknown>\nE       #8 0x5596b6734e40 <unknown>\nE       #9 0x5596b6736038 <unknown>\nE       #10 0x5596b698a8be <unknown>\nE       #11 0x5596b698e8f0 <unknown>\nE       #12 0x5596b696ef90 <unknown>\nE       #13 0x5596b698fb7d <unknown>\nE       #14 0x5596b6960578 <unknown>\nE       #15 0x5596b69b4348 <unknown>\nE       #16 0x5596b69b44d6 <unknown>\nE       #17 0x5596b69ce341 <unknown>\nE       #18 0x7fdf41c94b43 <unknown>\n\n../../.local/lib/python3.10/site-packages/selenium/webdriver/support/wait.py:95: TimeoutException"}, "description": "Should display validation message on mandatory field", "start": 1678878942663, "stop": 1678878964087, "uuid": "3806b8a2-19b9-4e92-bdee-226248a5178b", "historyId": "52c3485d33e521cc5aaa6ed486688437", "testCaseId": "4e3d6e19be780dd48a9cdfe54aa8164c", "fullName": "Test_Suites.test_all_module.Test_Asset#test_edit_mandatory_fields", "labels": [{"name": "severity", "value": "CRITICAL"}, {"name": "tag", "value": "order(508)"}, {"name": "tag", "value": "@pytest.mark.usefixtures('init_driver')"}, {"name": "parentSuite", "value": "Test_Suites"}, {"name": "suite", "value": "test_all_module"}, {"name": "subSuite", "value": "Test_Asset"}, {"name": "host", "value": "sujith-HP-Compaq-Elite-8300-SFF"}, {"name": "thread", "value": "61753-MainThread"}, {"name": "framework", "value": "pytest"}, {"name": "language", "value": "cpython3"}, {"name": "package", "value": "Test_Suites.test_all_module"}]}