{"name": "test_edit_option_in_listView", "status": "failed", "statusDetails": {"message": "AssertionError", "trace": "self = <TestCases.Package_entity_management.TC_failure_reason.Test_Failure_Reason testMethod=test_edit_option_in_listView>\n\n    @allure.description(\"Should able to edit and save the failure reason in category list view option\")\n    @allure.severity(severity_level=\"CRITICAL\")\n    @pytest.mark.order(7_10)\n    def test_edit_option_in_listView(self):\n        self.failure_reason = failure_reason(self.driver)\n        self.failure_reason.list_view_edit_option(\"Adaptor issue 51\")\n        self.failure_reason.edit_failure_reason_mandatory_field()\n        self.failure_reason.edit_name(\"Adaptor issue 512\")\n>       self.failure_reason.save_information_button()\n\nTestCases/Package_entity_management/TC_failure_reason.py:97: \n_ _ _ _ _ _ _ _ _ _ _ _ _ _ _ _ _ _ _ _ _ _ _ _ _ _ _ _ _ _ _ _ _ _ _ _ _ _ _ _ _ _ _ _ _ _ _ _ _ _ _ _ _ _ _ _ _ _ _ _ _ _ _ _ _ _ _ _ _ _ _ _ _ _ _ _ _ _\n\nself = <page_objects.entity_Management.failure_reason.failure_reason object at 0x7f4ce3e8dc90>\n\n    def save_information_button(self):\n        self.driver.find_element(By.ID,self.save_information_button_id).click()\n        self.msg=WebDriverWait(self.driver, 10).until(EC.presence_of_element_located((By.XPATH,'//div[@class=\"toastr-text\"]//p[normalize-space()=\"Successfully Updated\"]')))\n        if \"Successfully Updated\" in self.msg.text:\n            assert True\n        else:\n            allure.attach(self.driver.get_screenshot_as_png(),name=\"edit_asset_category_toast\",attachment_type=AttachmentType.PNG)\n            # self.driver.save_screenshot(\"edit_asset_category_toast.png\")\n>           assert False\nE           AssertionError\n\npage_objects/entity_Management/failure_reason.py:162: AssertionError"}, "description": "Should able to edit and save the failure reason in category list view option", "attachments": [{"name": "edit_asset_category_toast", "source": "9e464887-f239-4272-a4d6-14aa83e62c97-attachment.png", "type": "image/png"}], "start": 1678879198503, "stop": 1678879204876, "uuid": "9c1aed10-131d-4701-b2a5-48429710353a", "historyId": "473b91e30bc6d72bbc9bb0882f285cf8", "testCaseId": "82480ba8046a593e267872ce0035e70b", "fullName": "Test_Suites.test_all_module.Test_Failure_Reason#test_edit_option_in_listView", "labels": [{"name": "severity", "value": "CRITICAL"}, {"name": "tag", "value": "order(710)"}, {"name": "tag", "value": "@pytest.mark.usefixtures('init_driver')"}, {"name": "parentSuite", "value": "Test_Suites"}, {"name": "suite", "value": "test_all_module"}, {"name": "subSuite", "value": "Test_Failure_Reason"}, {"name": "host", "value": "sujith-HP-Compaq-Elite-8300-SFF"}, {"name": "thread", "value": "62940-MainThread"}, {"name": "framework", "value": "pytest"}, {"name": "language", "value": "cpython3"}, {"name": "package", "value": "Test_Suites.test_all_module"}]}