{"name": "test_edit_asset", "status": "broken", "statusDetails": {"message": "selenium.common.exceptions.TimeoutException: Message: \nStacktrace:\n#0 0x55b9a2748d93 <unknown>\n#1 0x55b9a25172d7 <unknown>\n#2 0x55b9a2553caa <unknown>\n#3 0x55b9a2553db1 <unknown>\n#4 0x55b9a25918f4 <unknown>\n#5 0x55b9a257761d <unknown>\n#6 0x55b9a258f619 <unknown>\n#7 0x55b9a2577353 <unknown>\n#8 0x55b9a2546e40 <unknown>\n#9 0x55b9a2548038 <unknown>\n#10 0x55b9a279c8be <unknown>\n#11 0x55b9a27a08f0 <unknown>\n#12 0x55b9a2780f90 <unknown>\n#13 0x55b9a27a1b7d <unknown>\n#14 0x55b9a2772578 <unknown>\n#15 0x55b9a27c6348 <unknown>\n#16 0x55b9a27c64d6 <unknown>\n#17 0x55b9a27e0341 <unknown>\n#18 0x7f0586694b43 <unknown>", "trace": "self = <TestCases.Package_entity_management.TC_asset.Test_Asset testMethod=test_edit_asset>\n\n    @allure.description(\"Should able to edit and save the asset \")\n    @allure.severity(severity_level=\"CRITICAL\")\n    @pytest.mark.order(5_09)\n    def test_edit_asset(self):\n        self.asset = asset(self.driver)\n        self.asset.modal(\"Model_15\")\n>       self.asset.save_information()\n\nTestCases/Package_entity_management/TC_asset.py:91: \n_ _ _ _ _ _ _ _ _ _ _ _ _ _ _ _ _ _ _ _ _ _ _ _ _ _ _ _ _ _ _ _ _ _ _ _ _ _ _ _ _ _ _ _ _ _ _ _ _ _ _ _ _ _ _ _ _ _ _ _ _ _ _ _ _ _ _ _ _ _ _ _ _ _ _ _ _ _\npage_objects/entity_Management/asset.py:190: in save_information\n    self.msg=WebDriverWait(self.driver, 10).until(EC.visibility_of_element_located((By.XPATH,'//div[@class=\"toastr-text\"]//p[normalize-space()=\"Successfully Updated\"]')))\n_ _ _ _ _ _ _ _ _ _ _ _ _ _ _ _ _ _ _ _ _ _ _ _ _ _ _ _ _ _ _ _ _ _ _ _ _ _ _ _ _ _ _ _ _ _ _ _ _ _ _ _ _ _ _ _ _ _ _ _ _ _ _ _ _ _ _ _ _ _ _ _ _ _ _ _ _ _\n\nself = <selenium.webdriver.support.wait.WebDriverWait (session=\"89fd61599fdd5276042bb1df12e5ea82\")>\nmethod = <function visibility_of_element_located.<locals>._predicate at 0x7f7b252c1fc0>, message = ''\n\n    def until(self, method, message: str = \"\"):\n        \"\"\"Calls the method provided with the driver as an argument until the \\\n        return value does not evaluate to ``False``.\n    \n        :param method: callable(WebDriver)\n        :param message: optional message for :exc:`TimeoutException`\n        :returns: the result of the last call to `method`\n        :raises: :exc:`selenium.common.exceptions.TimeoutException` if timeout occurs\n        \"\"\"\n        screen = None\n        stacktrace = None\n    \n        end_time = time.monotonic() + self._timeout\n        while True:\n            try:\n                value = method(self._driver)\n                if value:\n                    return value\n            except self._ignored_exceptions as exc:\n                screen = getattr(exc, \"screen\", None)\n                stacktrace = getattr(exc, \"stacktrace\", None)\n            time.sleep(self._poll)\n            if time.monotonic() > end_time:\n                break\n>       raise TimeoutException(message, screen, stacktrace)\nE       selenium.common.exceptions.TimeoutException: Message: \nE       Stacktrace:\nE       #0 0x55b9a2748d93 <unknown>\nE       #1 0x55b9a25172d7 <unknown>\nE       #2 0x55b9a2553caa <unknown>\nE       #3 0x55b9a2553db1 <unknown>\nE       #4 0x55b9a25918f4 <unknown>\nE       #5 0x55b9a257761d <unknown>\nE       #6 0x55b9a258f619 <unknown>\nE       #7 0x55b9a2577353 <unknown>\nE       #8 0x55b9a2546e40 <unknown>\nE       #9 0x55b9a2548038 <unknown>\nE       #10 0x55b9a279c8be <unknown>\nE       #11 0x55b9a27a08f0 <unknown>\nE       #12 0x55b9a2780f90 <unknown>\nE       #13 0x55b9a27a1b7d <unknown>\nE       #14 0x55b9a2772578 <unknown>\nE       #15 0x55b9a27c6348 <unknown>\nE       #16 0x55b9a27c64d6 <unknown>\nE       #17 0x55b9a27e0341 <unknown>\nE       #18 0x7f0586694b43 <unknown>\n\n../../.local/lib/python3.10/site-packages/selenium/webdriver/support/wait.py:95: TimeoutException"}, "description": "Should able to edit and save the asset ", "start": 1678874973575, "stop": 1678874984240, "uuid": "c082d741-5a8f-428f-b392-ecd2ac2d4349", "historyId": "9041561db75268ad88bf246ea28d7fbe", "testCaseId": "f9cb29928ba8e888d47f76737a9c3528", "fullName": "Test_Suites.test_all_module.Test_Asset#test_edit_asset", "labels": [{"name": "severity", "value": "CRITICAL"}, {"name": "tag", "value": "order(509)"}, {"name": "tag", "value": "@pytest.mark.usefixtures('init_driver')"}, {"name": "parentSuite", "value": "Test_Suites"}, {"name": "suite", "value": "test_all_module"}, {"name": "subSuite", "value": "Test_Asset"}, {"name": "host", "value": "sujith-HP-Compaq-Elite-8300-SFF"}, {"name": "thread", "value": "47840-MainThread"}, {"name": "framework", "value": "pytest"}, {"name": "language", "value": "cpython3"}, {"name": "package", "value": "Test_Suites.test_all_module"}]}