{"name": "test_create_remedial_ticket", "status": "broken", "statusDetails": {"message": "selenium.common.exceptions.TimeoutException: Message: \nStacktrace:\n#0 0x55eac6df6d93 <unknown>\n#1 0x55eac6bc52d7 <unknown>\n#2 0x55eac6c01caa <unknown>\n#3 0x55eac6c01db1 <unknown>\n#4 0x55eac6c3f8f4 <unknown>\n#5 0x55eac6c2561d <unknown>\n#6 0x55eac6c3d619 <unknown>\n#7 0x55eac6c25353 <unknown>\n#8 0x55eac6bf4e40 <unknown>\n#9 0x55eac6bf6038 <unknown>\n#10 0x55eac6e4a8be <unknown>\n#11 0x55eac6e4e8f0 <unknown>\n#12 0x55eac6e2ef90 <unknown>\n#13 0x55eac6e4fb7d <unknown>\n#14 0x55eac6e20578 <unknown>\n#15 0x55eac6e74348 <unknown>\n#16 0x55eac6e744d6 <unknown>\n#17 0x55eac6e8e341 <unknown>\n#18 0x7f5158494b43 <unknown>", "trace": "self = <TestCases.Package_maintenance.TC_remedial_maintenance.Test_Remedial testMethod=test_create_remedial_ticket>\n\n    @pytest.mark.order(4_04)\n    def test_create_remedial_ticket(self):\n        self.remedial = remedial_maintenance(self.driver)\n        self.remedial.task_name(\"test_ticket_remedial_01\")\n        self.remedial.priority(\"Low\")\n        self.remedial.status(\"Open\")\n        self.remedial.plant_name(\"Mobile_Plant\")\n        self.remedial.field_engineer(\"Mobile User\")\n        self.remedial.assigned_to(\"Mobile User\")\n        self.remedial.asset_category(\"Asset Category 51\")\n>       self.remedial.create_remedial_maintenance()\n\nTestCases/Package_maintenance/TC_remedial_maintenance.py:50: \n_ _ _ _ _ _ _ _ _ _ _ _ _ _ _ _ _ _ _ _ _ _ _ _ _ _ _ _ _ _ _ _ _ _ _ _ _ _ _ _ _ _ _ _ _ _ _ _ _ _ _ _ _ _ _ _ _ _ _ _ _ _ _ _ _ _ _ _ _ _ _ _ _ _ _ _ _ _\npage_objects/remedial_maintenance.py:210: in create_remedial_maintenance\n    self.msg = WebDriverWait(self.driver, 10).until(\n_ _ _ _ _ _ _ _ _ _ _ _ _ _ _ _ _ _ _ _ _ _ _ _ _ _ _ _ _ _ _ _ _ _ _ _ _ _ _ _ _ _ _ _ _ _ _ _ _ _ _ _ _ _ _ _ _ _ _ _ _ _ _ _ _ _ _ _ _ _ _ _ _ _ _ _ _ _\n\nself = <selenium.webdriver.support.wait.WebDriverWait (session=\"e9b54ab54af70326654e1544e758ba9a\")>\nmethod = <function visibility_of_element_located.<locals>._predicate at 0x7f5ebff1c700>, message = ''\n\n    def until(self, method, message: str = \"\"):\n        \"\"\"Calls the method provided with the driver as an argument until the \\\n        return value does not evaluate to ``False``.\n    \n        :param method: callable(WebDriver)\n        :param message: optional message for :exc:`TimeoutException`\n        :returns: the result of the last call to `method`\n        :raises: :exc:`selenium.common.exceptions.TimeoutException` if timeout occurs\n        \"\"\"\n        screen = None\n        stacktrace = None\n    \n        end_time = time.monotonic() + self._timeout\n        while True:\n            try:\n                value = method(self._driver)\n                if value:\n                    return value\n            except self._ignored_exceptions as exc:\n                screen = getattr(exc, \"screen\", None)\n                stacktrace = getattr(exc, \"stacktrace\", None)\n            time.sleep(self._poll)\n            if time.monotonic() > end_time:\n                break\n>       raise TimeoutException(message, screen, stacktrace)\nE       selenium.common.exceptions.TimeoutException: Message: \nE       Stacktrace:\nE       #0 0x55eac6df6d93 <unknown>\nE       #1 0x55eac6bc52d7 <unknown>\nE       #2 0x55eac6c01caa <unknown>\nE       #3 0x55eac6c01db1 <unknown>\nE       #4 0x55eac6c3f8f4 <unknown>\nE       #5 0x55eac6c2561d <unknown>\nE       #6 0x55eac6c3d619 <unknown>\nE       #7 0x55eac6c25353 <unknown>\nE       #8 0x55eac6bf4e40 <unknown>\nE       #9 0x55eac6bf6038 <unknown>\nE       #10 0x55eac6e4a8be <unknown>\nE       #11 0x55eac6e4e8f0 <unknown>\nE       #12 0x55eac6e2ef90 <unknown>\nE       #13 0x55eac6e4fb7d <unknown>\nE       #14 0x55eac6e20578 <unknown>\nE       #15 0x55eac6e74348 <unknown>\nE       #16 0x55eac6e744d6 <unknown>\nE       #17 0x55eac6e8e341 <unknown>\nE       #18 0x7f5158494b43 <unknown>\n\n../../.local/lib/python3.10/site-packages/selenium/webdriver/support/wait.py:95: TimeoutException"}, "start": 1678857520603, "stop": 1678857536474, "uuid": "e78c64cf-4d49-43fd-8cff-0b00bac3def6", "historyId": "eee67111592fceb2f1adb9fc9ae467f9", "testCaseId": "5c97edaaabd1331ad3a4bc833d71df9c", "fullName": "Test_Suites.test_all_module.Test_Remedial#test_create_remedial_ticket", "labels": [{"name": "tag", "value": "order(404)"}, {"name": "tag", "value": "@pytest.mark.usefixtures('init_driver')"}, {"name": "parentSuite", "value": "Test_Suites"}, {"name": "suite", "value": "test_all_module"}, {"name": "subSuite", "value": "Test_Remedial"}, {"name": "host", "value": "sujith-HP-Compaq-Elite-8300-SFF"}, {"name": "thread", "value": "8012-MainThread"}, {"name": "framework", "value": "pytest"}, {"name": "language", "value": "cpython3"}, {"name": "package", "value": "Test_Suites.test_all_module"}]}