{"name": "test_edit_mandatory_fields", "status": "broken", "statusDetails": {"message": "selenium.common.exceptions.TimeoutException: Message: \nStacktrace:\n#0 0x55e44d2d5d93 <unknown>\n#1 0x55e44d0a42d7 <unknown>\n#2 0x55e44d0e0caa <unknown>\n#3 0x55e44d0e0db1 <unknown>\n#4 0x55e44d11e8f4 <unknown>\n#5 0x55e44d10461d <unknown>\n#6 0x55e44d11c619 <unknown>\n#7 0x55e44d104353 <unknown>\n#8 0x55e44d0d3e40 <unknown>\n#9 0x55e44d0d5038 <unknown>\n#10 0x55e44d3298be <unknown>\n#11 0x55e44d32d8f0 <unknown>\n#12 0x55e44d30df90 <unknown>\n#13 0x55e44d32eb7d <unknown>\n#14 0x55e44d2ff578 <unknown>\n#15 0x55e44d353348 <unknown>\n#16 0x55e44d3534d6 <unknown>\n#17 0x55e44d36d341 <unknown>\n#18 0x7f77d6694b43 <unknown>", "trace": "self = <TestCases.Package_entity_management.TC_asset.Test_Asset testMethod=test_edit_mandatory_fields>\n\n    @allure.description(\"Should display validation message on mandatory field\")\n    @allure.severity(severity_level=\"CRITICAL\")\n    @pytest.mark.order(5_08)\n    def test_edit_mandatory_fields(self):\n        self.asset = asset(self.driver)\n>       self.asset.edit_asset_mandatory_field()\n\nTestCases/Package_entity_management/TC_asset.py:84: \n_ _ _ _ _ _ _ _ _ _ _ _ _ _ _ _ _ _ _ _ _ _ _ _ _ _ _ _ _ _ _ _ _ _ _ _ _ _ _ _ _ _ _ _ _ _ _ _ _ _ _ _ _ _ _ _ _ _ _ _ _ _ _ _ _ _ _ _ _ _ _ _ _ _ _ _ _ _\npage_objects/entity_Management/asset.py:154: in edit_asset_mandatory_field\n    save_information_btn = WebDriverWait(self.driver, 20).until(EC.element_to_be_clickable((By.XPATH,self.btn_save_information_xpath)))\n_ _ _ _ _ _ _ _ _ _ _ _ _ _ _ _ _ _ _ _ _ _ _ _ _ _ _ _ _ _ _ _ _ _ _ _ _ _ _ _ _ _ _ _ _ _ _ _ _ _ _ _ _ _ _ _ _ _ _ _ _ _ _ _ _ _ _ _ _ _ _ _ _ _ _ _ _ _\n\nself = <selenium.webdriver.support.wait.WebDriverWait (session=\"d044dac84d45f1f1176db8e1122eea0b\")>\nmethod = <function element_to_be_clickable.<locals>._predicate at 0x7f6c0bef44c0>, message = ''\n\n    def until(self, method, message: str = \"\"):\n        \"\"\"Calls the method provided with the driver as an argument until the \\\n        return value does not evaluate to ``False``.\n    \n        :param method: callable(WebDriver)\n        :param message: optional message for :exc:`TimeoutException`\n        :returns: the result of the last call to `method`\n        :raises: :exc:`selenium.common.exceptions.TimeoutException` if timeout occurs\n        \"\"\"\n        screen = None\n        stacktrace = None\n    \n        end_time = time.monotonic() + self._timeout\n        while True:\n            try:\n                value = method(self._driver)\n                if value:\n                    return value\n            except self._ignored_exceptions as exc:\n                screen = getattr(exc, \"screen\", None)\n                stacktrace = getattr(exc, \"stacktrace\", None)\n            time.sleep(self._poll)\n            if time.monotonic() > end_time:\n                break\n>       raise TimeoutException(message, screen, stacktrace)\nE       selenium.common.exceptions.TimeoutException: Message: \nE       Stacktrace:\nE       #0 0x55e44d2d5d93 <unknown>\nE       #1 0x55e44d0a42d7 <unknown>\nE       #2 0x55e44d0e0caa <unknown>\nE       #3 0x55e44d0e0db1 <unknown>\nE       #4 0x55e44d11e8f4 <unknown>\nE       #5 0x55e44d10461d <unknown>\nE       #6 0x55e44d11c619 <unknown>\nE       #7 0x55e44d104353 <unknown>\nE       #8 0x55e44d0d3e40 <unknown>\nE       #9 0x55e44d0d5038 <unknown>\nE       #10 0x55e44d3298be <unknown>\nE       #11 0x55e44d32d8f0 <unknown>\nE       #12 0x55e44d30df90 <unknown>\nE       #13 0x55e44d32eb7d <unknown>\nE       #14 0x55e44d2ff578 <unknown>\nE       #15 0x55e44d353348 <unknown>\nE       #16 0x55e44d3534d6 <unknown>\nE       #17 0x55e44d36d341 <unknown>\nE       #18 0x7f77d6694b43 <unknown>\n\n../../.local/lib/python3.10/site-packages/selenium/webdriver/support/wait.py:95: TimeoutException"}, "description": "Should display validation message on mandatory field", "start": 1678877230096, "stop": 1678877251490, "uuid": "52f0f920-682f-4c53-80eb-45f8031f5066", "historyId": "52c3485d33e521cc5aaa6ed486688437", "testCaseId": "4e3d6e19be780dd48a9cdfe54aa8164c", "fullName": "Test_Suites.test_all_module.Test_Asset#test_edit_mandatory_fields", "labels": [{"name": "severity", "value": "CRITICAL"}, {"name": "tag", "value": "order(508)"}, {"name": "tag", "value": "@pytest.mark.usefixtures('init_driver')"}, {"name": "parentSuite", "value": "Test_Suites"}, {"name": "suite", "value": "test_all_module"}, {"name": "subSuite", "value": "Test_Asset"}, {"name": "host", "value": "sujith-HP-Compaq-Elite-8300-SFF"}, {"name": "thread", "value": "55677-MainThread"}, {"name": "framework", "value": "pytest"}, {"name": "language", "value": "cpython3"}, {"name": "package", "value": "Test_Suites.test_all_module"}]}