{"name": "test_edit_mandatory_fields", "status": "broken", "statusDetails": {"message": "selenium.common.exceptions.TimeoutException: Message: \nStacktrace:\n#0 0x55d688351d93 <unknown>\n#1 0x55d6881202d7 <unknown>\n#2 0x55d68815ccaa <unknown>\n#3 0x55d68815cdb1 <unknown>\n#4 0x55d68819a8f4 <unknown>\n#5 0x55d68818061d <unknown>\n#6 0x55d688198619 <unknown>\n#7 0x55d688180353 <unknown>\n#8 0x55d68814fe40 <unknown>\n#9 0x55d688151038 <unknown>\n#10 0x55d6883a58be <unknown>\n#11 0x55d6883a98f0 <unknown>\n#12 0x55d688389f90 <unknown>\n#13 0x55d6883aab7d <unknown>\n#14 0x55d68837b578 <unknown>\n#15 0x55d6883cf348 <unknown>\n#16 0x55d6883cf4d6 <unknown>\n#17 0x55d6883e9341 <unknown>\n#18 0x7f009d294b43 <unknown>", "trace": "self = <TestCases.Package_entity_management.TC_asset.Test_Asset testMethod=test_edit_mandatory_fields>\n\n    @allure.description(\"Should display validation message on mandatory field\")\n    @allure.severity(severity_level=\"CRITICAL\")\n    @pytest.mark.order(5_08)\n    def test_edit_mandatory_fields(self):\n        self.asset = asset(self.driver)\n>       self.asset.edit_asset_mandatory_field()\n\nTestCases/Package_entity_management/TC_asset.py:84: \n_ _ _ _ _ _ _ _ _ _ _ _ _ _ _ _ _ _ _ _ _ _ _ _ _ _ _ _ _ _ _ _ _ _ _ _ _ _ _ _ _ _ _ _ _ _ _ _ _ _ _ _ _ _ _ _ _ _ _ _ _ _ _ _ _ _ _ _ _ _ _ _ _ _ _ _ _ _\npage_objects/entity_Management/asset.py:147: in edit_asset_mandatory_field\n    modal = WebDriverWait(self.driver, 20).until(EC.visibility_of_element_located((By.XPATH,self.input_modal_xpath)))\n_ _ _ _ _ _ _ _ _ _ _ _ _ _ _ _ _ _ _ _ _ _ _ _ _ _ _ _ _ _ _ _ _ _ _ _ _ _ _ _ _ _ _ _ _ _ _ _ _ _ _ _ _ _ _ _ _ _ _ _ _ _ _ _ _ _ _ _ _ _ _ _ _ _ _ _ _ _\n\nself = <selenium.webdriver.support.wait.WebDriverWait (session=\"419e81a229b419157ecdb45143edcb1f\")>\nmethod = <function visibility_of_element_located.<locals>._predicate at 0x7f6d80f597e0>, message = ''\n\n    def until(self, method, message: str = \"\"):\n        \"\"\"Calls the method provided with the driver as an argument until the \\\n        return value does not evaluate to ``False``.\n    \n        :param method: callable(WebDriver)\n        :param message: optional message for :exc:`TimeoutException`\n        :returns: the result of the last call to `method`\n        :raises: :exc:`selenium.common.exceptions.TimeoutException` if timeout occurs\n        \"\"\"\n        screen = None\n        stacktrace = None\n    \n        end_time = time.monotonic() + self._timeout\n        while True:\n            try:\n                value = method(self._driver)\n                if value:\n                    return value\n            except self._ignored_exceptions as exc:\n                screen = getattr(exc, \"screen\", None)\n                stacktrace = getattr(exc, \"stacktrace\", None)\n            time.sleep(self._poll)\n            if time.monotonic() > end_time:\n                break\n>       raise TimeoutException(message, screen, stacktrace)\nE       selenium.common.exceptions.TimeoutException: Message: \nE       Stacktrace:\nE       #0 0x55d688351d93 <unknown>\nE       #1 0x55d6881202d7 <unknown>\nE       #2 0x55d68815ccaa <unknown>\nE       #3 0x55d68815cdb1 <unknown>\nE       #4 0x55d68819a8f4 <unknown>\nE       #5 0x55d68818061d <unknown>\nE       #6 0x55d688198619 <unknown>\nE       #7 0x55d688180353 <unknown>\nE       #8 0x55d68814fe40 <unknown>\nE       #9 0x55d688151038 <unknown>\nE       #10 0x55d6883a58be <unknown>\nE       #11 0x55d6883a98f0 <unknown>\nE       #12 0x55d688389f90 <unknown>\nE       #13 0x55d6883aab7d <unknown>\nE       #14 0x55d68837b578 <unknown>\nE       #15 0x55d6883cf348 <unknown>\nE       #16 0x55d6883cf4d6 <unknown>\nE       #17 0x55d6883e9341 <unknown>\nE       #18 0x7f009d294b43 <unknown>\n\n../../.local/lib/python3.10/site-packages/selenium/webdriver/support/wait.py:95: TimeoutException"}, "description": "Should display validation message on mandatory field", "start": 1678875365999, "stop": 1678875387081, "uuid": "52100b55-cc7f-4e9f-b5eb-f2640a7a189b", "historyId": "52c3485d33e521cc5aaa6ed486688437", "testCaseId": "4e3d6e19be780dd48a9cdfe54aa8164c", "fullName": "Test_Suites.test_all_module.Test_Asset#test_edit_mandatory_fields", "labels": [{"name": "severity", "value": "CRITICAL"}, {"name": "tag", "value": "order(508)"}, {"name": "tag", "value": "@pytest.mark.usefixtures('init_driver')"}, {"name": "parentSuite", "value": "Test_Suites"}, {"name": "suite", "value": "test_all_module"}, {"name": "subSuite", "value": "Test_Asset"}, {"name": "host", "value": "sujith-HP-Compaq-Elite-8300-SFF"}, {"name": "thread", "value": "48879-MainThread"}, {"name": "framework", "value": "pytest"}, {"name": "language", "value": "cpython3"}, {"name": "package", "value": "Test_Suites.test_all_module"}]}