{"name": "test_edit_button_in_view_asset", "status": "broken", "statusDetails": {"message": "selenium.common.exceptions.TimeoutException: Message:", "trace": "self = <TestCases.Package_entity_management.TC_asset.Test_Asset testMethod=test_edit_button_in_view_asset>\n\n    @allure.description(\"Should display the Edit asset popup window\")\n    @allure.severity(severity_level=\"CRITICAL\")\n    @pytest.mark.order(5_07)\n    def test_edit_button_in_view_asset(self):\n        self.asset = asset(self.driver)\n>       self.asset.edit_asset_button()\n\nTestCases/Package_entity_management/TC_asset.py:78: \n_ _ _ _ _ _ _ _ _ _ _ _ _ _ _ _ _ _ _ _ _ _ _ _ _ _ _ _ _ _ _ _ _ _ _ _ _ _ _ _ _ _ _ _ _ _ _ _ _ _ _ _ _ _ _ _ _ _ _ _ _ _ _ _ _ _ _ _ _ _ _ _ _ _ _ _ _ _\npage_objects/entity_Management/asset.py:140: in edit_asset_button\n    if WebDriverWait(self.driver, 50).until(\n_ _ _ _ _ _ _ _ _ _ _ _ _ _ _ _ _ _ _ _ _ _ _ _ _ _ _ _ _ _ _ _ _ _ _ _ _ _ _ _ _ _ _ _ _ _ _ _ _ _ _ _ _ _ _ _ _ _ _ _ _ _ _ _ _ _ _ _ _ _ _ _ _ _ _ _ _ _\n\nself = <selenium.webdriver.support.wait.WebDriverWait (session=\"22682d325259e50486328fd05f9c2a61\")>\nmethod = <function title_contains.<locals>._predicate at 0x7fcb9f8489d0>, message = ''\n\n    def until(self, method, message: str = \"\"):\n        \"\"\"Calls the method provided with the driver as an argument until the \\\n        return value does not evaluate to ``False``.\n    \n        :param method: callable(WebDriver)\n        :param message: optional message for :exc:`TimeoutException`\n        :returns: the result of the last call to `method`\n        :raises: :exc:`selenium.common.exceptions.TimeoutException` if timeout occurs\n        \"\"\"\n        screen = None\n        stacktrace = None\n    \n        end_time = time.monotonic() + self._timeout\n        while True:\n            try:\n                value = method(self._driver)\n                if value:\n                    return value\n            except self._ignored_exceptions as exc:\n                screen = getattr(exc, \"screen\", None)\n                stacktrace = getattr(exc, \"stacktrace\", None)\n            time.sleep(self._poll)\n            if time.monotonic() > end_time:\n                break\n>       raise TimeoutException(message, screen, stacktrace)\nE       selenium.common.exceptions.TimeoutException: Message:\n\n../../.local/lib/python3.10/site-packages/selenium/webdriver/support/wait.py:95: TimeoutException"}, "description": "Should display the Edit asset popup window", "start": 1678876625307, "stop": 1678876675561, "uuid": "e95e69de-689e-4072-88e7-1193a2ac7d0f", "historyId": "caa2f220f843380f91cdb847cfcfb173", "testCaseId": "69238eb622287bfa818d16123cf2d29a", "fullName": "Test_Suites.test_all_module.Test_Asset#test_edit_button_in_view_asset", "labels": [{"name": "severity", "value": "CRITICAL"}, {"name": "tag", "value": "order(507)"}, {"name": "tag", "value": "@pytest.mark.usefixtures('init_driver')"}, {"name": "parentSuite", "value": "Test_Suites"}, {"name": "suite", "value": "test_all_module"}, {"name": "subSuite", "value": "Test_Asset"}, {"name": "host", "value": "sujith-HP-Compaq-Elite-8300-SFF"}, {"name": "thread", "value": "51763-MainThread"}, {"name": "framework", "value": "pytest"}, {"name": "language", "value": "cpython3"}, {"name": "package", "value": "Test_Suites.test_all_module"}]}