{"name": "test_mandatory_field", "status": "broken", "statusDetails": {"message": "selenium.common.exceptions.TimeoutException: Message: \nStacktrace:\n#0 0x55eb2be65243 <unknown>\n#1 0x55eb2bc297a6 <unknown>\n#2 0x55eb2bc6664d <unknown>\n#3 0x55eb2bc66761 <unknown>\n#4 0x55eb2bca1da4 <unknown>\n#5 0x55eb2bc870ad <unknown>\n#6 0x55eb2bc9f932 <unknown>\n#7 0x55eb2bc86e53 <unknown>\n#8 0x55eb2bc599ea <unknown>\n#9 0x55eb2bc5ab2e <unknown>\n#10 0x55eb2beb9d5e <unknown>\n#11 0x55eb2bebda80 <unknown>\n#12 0x55eb2be9f8b0 <unknown>\n#13 0x55eb2bebeb63 <unknown>\n#14 0x55eb2be90f75 <unknown>\n#15 0x55eb2bee1998 <unknown>\n#16 0x55eb2bee1b27 <unknown>\n#17 0x55eb2befcc23 <unknown>\n#18 0x7f14eee94b43 <unknown>", "trace": "self = <TestCases.Package_entity_management.TC_SLA.Test_SLA testMethod=test_mandatory_field>\n\n    @allure.description(\"Should display the validation message on the mandatory field\")\n    @allure.severity(severity_level=\"CRITICAL\")\n    @pytest.mark.order(11_03)\n    def test_mandatory_field(self):\n        self.sla = sla(self.driver)\n>       self.sla.sla_mandatory_field()\n\nTestCases/Package_entity_management/TC_SLA.py:43: \n_ _ _ _ _ _ _ _ _ _ _ _ _ _ _ _ _ _ _ _ _ _ _ _ _ _ _ _ _ _ _ _ _ _ _ _ _ _ _ _ _ _ _ _ _ _ _ _ _ _ _ _ _ _ _ _ _ _ _ _ _ _ _ _ _ _ _ _\npage_objects/entity_Management/SLA.py:58: in sla_mandatory_field\n    element = WebDriverWait(self.driver, 10).until(EC.visibility_of_element_located((By.XPATH,'//span[normalize-space()=\"'+x+'\"]')))\n_ _ _ _ _ _ _ _ _ _ _ _ _ _ _ _ _ _ _ _ _ _ _ _ _ _ _ _ _ _ _ _ _ _ _ _ _ _ _ _ _ _ _ _ _ _ _ _ _ _ _ _ _ _ _ _ _ _ _ _ _ _ _ _ _ _ _ _\n\nself = <selenium.webdriver.support.wait.WebDriverWait (session=\"150d56e4bb1fef91091025f1e3da2e40\")>\nmethod = <function visibility_of_element_located.<locals>._predicate at 0x7f0e56047b50>, message = ''\n\n    def until(self, method, message: str = \"\"):\n        \"\"\"Calls the method provided with the driver as an argument until the \\\n        return value does not evaluate to ``False``.\n    \n        :param method: callable(WebDriver)\n        :param message: optional message for :exc:`TimeoutException`\n        :returns: the result of the last call to `method`\n        :raises: :exc:`selenium.common.exceptions.TimeoutException` if timeout occurs\n        \"\"\"\n        screen = None\n        stacktrace = None\n    \n        end_time = time.monotonic() + self._timeout\n        while True:\n            try:\n                value = method(self._driver)\n                if value:\n                    return value\n            except self._ignored_exceptions as exc:\n                screen = getattr(exc, \"screen\", None)\n                stacktrace = getattr(exc, \"stacktrace\", None)\n            time.sleep(self._poll)\n            if time.monotonic() > end_time:\n                break\n>       raise TimeoutException(message, screen, stacktrace)\nE       selenium.common.exceptions.TimeoutException: Message: \nE       Stacktrace:\nE       #0 0x55eb2be65243 <unknown>\nE       #1 0x55eb2bc297a6 <unknown>\nE       #2 0x55eb2bc6664d <unknown>\nE       #3 0x55eb2bc66761 <unknown>\nE       #4 0x55eb2bca1da4 <unknown>\nE       #5 0x55eb2bc870ad <unknown>\nE       #6 0x55eb2bc9f932 <unknown>\nE       #7 0x55eb2bc86e53 <unknown>\nE       #8 0x55eb2bc599ea <unknown>\nE       #9 0x55eb2bc5ab2e <unknown>\nE       #10 0x55eb2beb9d5e <unknown>\nE       #11 0x55eb2bebda80 <unknown>\nE       #12 0x55eb2be9f8b0 <unknown>\nE       #13 0x55eb2bebeb63 <unknown>\nE       #14 0x55eb2be90f75 <unknown>\nE       #15 0x55eb2bee1998 <unknown>\nE       #16 0x55eb2bee1b27 <unknown>\nE       #17 0x55eb2befcc23 <unknown>\nE       #18 0x7f14eee94b43 <unknown>\n\n../../.local/lib/python3.10/site-packages/selenium/webdriver/support/wait.py:95: TimeoutException"}, "description": "Should display the validation message on the mandatory field", "start": 1678950295665, "stop": 1678950306836, "uuid": "90087846-d579-4595-a8db-dd44693910f9", "historyId": "5c7b5e972b506e594ed1fa7183cf5c42", "testCaseId": "1aee5b15b14780e335c23b69e7688d2b", "fullName": "Test_Suites.test_all_module.Test_SLA#test_mandatory_field", "labels": [{"name": "severity", "value": "CRITICAL"}, {"name": "tag", "value": "order(1103)"}, {"name": "tag", "value": "@pytest.mark.usefixtures('init_driver')"}, {"name": "parentSuite", "value": "Test_Suites"}, {"name": "suite", "value": "test_all_module"}, {"name": "subSuite", "value": "Test_SLA"}, {"name": "host", "value": "sujith-HP-Compaq-Elite-8300-SFF"}, {"name": "thread", "value": "29218-MainThread"}, {"name": "framework", "value": "pytest"}, {"name": "language", "value": "cpython3"}, {"name": "package", "value": "Test_Suites.test_all_module"}]}