{"name": "test_mandatory_fields", "status": "broken", "statusDetails": {"message": "selenium.common.exceptions.TimeoutException: Message: \nStacktrace:\n#0 0x55b5ebf20d93 <unknown>\n#1 0x55b5ebcef2d7 <unknown>\n#2 0x55b5ebd2bcaa <unknown>\n#3 0x55b5ebd2bdb1 <unknown>\n#4 0x55b5ebd698f4 <unknown>\n#5 0x55b5ebd4f61d <unknown>\n#6 0x55b5ebd67619 <unknown>\n#7 0x55b5ebd4f353 <unknown>\n#8 0x55b5ebd1ee40 <unknown>\n#9 0x55b5ebd20038 <unknown>\n#10 0x55b5ebf748be <unknown>\n#11 0x55b5ebf788f0 <unknown>\n#12 0x55b5ebf58f90 <unknown>\n#13 0x55b5ebf79b7d <unknown>\n#14 0x55b5ebf4a578 <unknown>\n#15 0x55b5ebf9e348 <unknown>\n#16 0x55b5ebf9e4d6 <unknown>\n#17 0x55b5ebfb8341 <unknown>\n#18 0x7f770a294b43 <unknown>", "trace": "self = <TestCases.Package_entity_management.TC_asset.Test_Asset testMethod=test_mandatory_fields>\n\n    @allure.description(\"Should display the validation message on the mandatory fields\")\n    @allure.severity(severity_level=\"CRITICAL\")\n    @pytest.mark.order(5_03)\n    def test_mandatory_fields(self):\n       self.asset = asset(self.driver)\n>      self.asset.asset_mandatory_fields()\n\nTestCases/Package_entity_management/TC_asset.py:47: \n_ _ _ _ _ _ _ _ _ _ _ _ _ _ _ _ _ _ _ _ _ _ _ _ _ _ _ _ _ _ _ _ _ _ _ _ _ _ _ _ _ _ _ _ _ _ _ _ _ _ _ _ _ _ _ _ _ _ _ _ _ _ _ _ _ _ _ _ _ _ _ _ _ _ _ _ _ _\npage_objects/entity_Management/asset.py:58: in asset_mandatory_fields\n    element = WebDriverWait(self.driver, 10).until(EC.element_to_be_clickable((By.XPATH,self.create_asset_xpath)))\n_ _ _ _ _ _ _ _ _ _ _ _ _ _ _ _ _ _ _ _ _ _ _ _ _ _ _ _ _ _ _ _ _ _ _ _ _ _ _ _ _ _ _ _ _ _ _ _ _ _ _ _ _ _ _ _ _ _ _ _ _ _ _ _ _ _ _ _ _ _ _ _ _ _ _ _ _ _\n\nself = <selenium.webdriver.support.wait.WebDriverWait (session=\"0573377afe2cb9ad22e44783062930ba\")>\nmethod = <function element_to_be_clickable.<locals>._predicate at 0x7fd057fd2b00>, message = ''\n\n    def until(self, method, message: str = \"\"):\n        \"\"\"Calls the method provided with the driver as an argument until the \\\n        return value does not evaluate to ``False``.\n    \n        :param method: callable(WebDriver)\n        :param message: optional message for :exc:`TimeoutException`\n        :returns: the result of the last call to `method`\n        :raises: :exc:`selenium.common.exceptions.TimeoutException` if timeout occurs\n        \"\"\"\n        screen = None\n        stacktrace = None\n    \n        end_time = time.monotonic() + self._timeout\n        while True:\n            try:\n                value = method(self._driver)\n                if value:\n                    return value\n            except self._ignored_exceptions as exc:\n                screen = getattr(exc, \"screen\", None)\n                stacktrace = getattr(exc, \"stacktrace\", None)\n            time.sleep(self._poll)\n            if time.monotonic() > end_time:\n                break\n>       raise TimeoutException(message, screen, stacktrace)\nE       selenium.common.exceptions.TimeoutException: Message: \nE       Stacktrace:\nE       #0 0x55b5ebf20d93 <unknown>\nE       #1 0x55b5ebcef2d7 <unknown>\nE       #2 0x55b5ebd2bcaa <unknown>\nE       #3 0x55b5ebd2bdb1 <unknown>\nE       #4 0x55b5ebd698f4 <unknown>\nE       #5 0x55b5ebd4f61d <unknown>\nE       #6 0x55b5ebd67619 <unknown>\nE       #7 0x55b5ebd4f353 <unknown>\nE       #8 0x55b5ebd1ee40 <unknown>\nE       #9 0x55b5ebd20038 <unknown>\nE       #10 0x55b5ebf748be <unknown>\nE       #11 0x55b5ebf788f0 <unknown>\nE       #12 0x55b5ebf58f90 <unknown>\nE       #13 0x55b5ebf79b7d <unknown>\nE       #14 0x55b5ebf4a578 <unknown>\nE       #15 0x55b5ebf9e348 <unknown>\nE       #16 0x55b5ebf9e4d6 <unknown>\nE       #17 0x55b5ebfb8341 <unknown>\nE       #18 0x7f770a294b43 <unknown>\n\n../../.local/lib/python3.10/site-packages/selenium/webdriver/support/wait.py:95: TimeoutException"}, "description": "Should display the validation message on the mandatory fields", "start": 1678801403981, "stop": 1678801414515, "uuid": "abc7f541-8c2e-42bc-9e42-eee0cf037aa1", "historyId": "47e1a2cb4121ee0624dd1058d0d2c4fd", "testCaseId": "d5794c5e42844560c644f5f3d3705386", "fullName": "Test_Suites.test_all_module.Test_Asset#test_mandatory_fields", "labels": [{"name": "severity", "value": "CRITICAL"}, {"name": "tag", "value": "order(503)"}, {"name": "tag", "value": "@pytest.mark.usefixtures('init_driver')"}, {"name": "parentSuite", "value": "Test_Suites"}, {"name": "suite", "value": "test_all_module"}, {"name": "subSuite", "value": "Test_Asset"}, {"name": "host", "value": "sujith-HP-Compaq-Elite-8300-SFF"}, {"name": "thread", "value": "27332-MainThread"}, {"name": "framework", "value": "pytest"}, {"name": "language", "value": "cpython3"}, {"name": "package", "value": "Test_Suites.test_all_module"}]}