{"name": "test_edit_button_in_view_ticket", "status": "failed", "statusDetails": {"message": "AssertionError", "trace": "self = <TestCases.Package_maintenance.TC_remedial_maintenance.Test_Remedial testMethod=test_edit_button_in_view_ticket>\n\n    @pytest.mark.order(4_07)\n    def test_edit_button_in_view_ticket(self):\n        self.remedial = remedial_maintenance(self.driver)\n>       self.remedial.ticketView_edit_button()\n\nTestCases/Package_maintenance/TC_remedial_maintenance.py:65: \n_ _ _ _ _ _ _ _ _ _ _ _ _ _ _ _ _ _ _ _ _ _ _ _ _ _ _ _ _ _ _ _ _ _ _ _ _ _ _ _ _ _ _ _ _ _ _ _ _ _ _ _ _ _ _ _ _ _ _ _ _ _ _ _ _ _ _ _ _ _ _ _ _ _ _ _ _ _\n\nself = <page_objects.remedial_maintenance.remedial_maintenance object at 0x7fd057fc7b20>\n\n    def ticketView_edit_button(self):\n        self.driver.find_element(By.XPATH, '//span[normalize-space()=\"Edit\"]').click()\n        title = WebDriverWait(self.driver, 20).until(\n            EC.presence_of_element_located((By.TAG_NAME, \"title\"))\n        )\n        if title.get_attribute(\"innerHTML\") == \"Brighter App | Remedial | Edit\":\n            assert True\n        else:\n            allure.attach(\n                self.driver.get_screenshot_as_png(),\n                name=\"Edit_remedial_ticket_page\",\n                attachment_type=AttachmentType.PNG,\n            )\n            # self.driver.save_screenshot(\"Edit_remedial_ticket_page.png\")\n>           assert False\nE           AssertionError\n\npage_objects/remedial_maintenance.py:325: AssertionError"}, "attachments": [{"name": "Edit_remedial_ticket_page", "source": "4b00e1d1-9585-4cb1-9181-84f47afc3fab-attachment.png", "type": "image/png"}], "start": 1678801377691, "stop": 1678801378136, "uuid": "52001a54-a589-4342-b298-51cad304af86", "historyId": "89e3c5b8147a1330552090f0c9854ae4", "testCaseId": "64369300da88aeb635a34f52a9ab6ff5", "fullName": "Test_Suites.test_all_module.Test_Remedial#test_edit_button_in_view_ticket", "labels": [{"name": "tag", "value": "order(407)"}, {"name": "tag", "value": "@pytest.mark.usefixtures('init_driver')"}, {"name": "parentSuite", "value": "Test_Suites"}, {"name": "suite", "value": "test_all_module"}, {"name": "subSuite", "value": "Test_Remedial"}, {"name": "host", "value": "sujith-HP-Compaq-Elite-8300-SFF"}, {"name": "thread", "value": "27332-MainThread"}, {"name": "framework", "value": "pytest"}, {"name": "language", "value": "cpython3"}, {"name": "package", "value": "Test_Suites.test_all_module"}]}