{"name": "test_create_client_button", "status": "broken", "statusDetails": {"message": "selenium.common.exceptions.TimeoutException: Message: \nStacktrace:\n#0 0x561b0491cd93 <unknown>\n#1 0x561b046eb2d7 <unknown>\n#2 0x561b04727caa <unknown>\n#3 0x561b04727db1 <unknown>\n#4 0x561b047658f4 <unknown>\n#5 0x561b0474b61d <unknown>\n#6 0x561b04763619 <unknown>\n#7 0x561b0474b353 <unknown>\n#8 0x561b0471ae40 <unknown>\n#9 0x561b0471c038 <unknown>\n#10 0x561b049708be <unknown>\n#11 0x561b049748f0 <unknown>\n#12 0x561b04954f90 <unknown>\n#13 0x561b04975b7d <unknown>\n#14 0x561b04946578 <unknown>\n#15 0x561b0499a348 <unknown>\n#16 0x561b0499a4d6 <unknown>\n#17 0x561b049b4341 <unknown>\n#18 0x7f676de94b43 <unknown>", "trace": "self = <TestCases.Package_Client_02.test_client.Test_client testMethod=test_create_client_button>\n\n    @allure.description(\"Should create the client and display the toast message\")\n    @allure.severity(severity_level=\"CRITICAL\")\n    @pytest.mark.order(1_14)\n    def test_create_client_button(self):\n        self.client = Client(self.driver)\n>       self.client.createClient()\n\nTestCases/Package_Client_02/test_client.py:132: \n_ _ _ _ _ _ _ _ _ _ _ _ _ _ _ _ _ _ _ _ _ _ _ _ _ _ _ _ _ _ _ _ _ _ _ _ _ _ _ _ _ _ _ _ _ _ _ _ _ _ _ _ _ _ _ _ _ _ _ _ _ _ _ _ _ _ _ _ _ _ _ _ _ _ _ _ _ _\npage_objects/client_module.py:390: in createClient\n    self.msg = WebDriverWait(self.driver, 20).until(\n_ _ _ _ _ _ _ _ _ _ _ _ _ _ _ _ _ _ _ _ _ _ _ _ _ _ _ _ _ _ _ _ _ _ _ _ _ _ _ _ _ _ _ _ _ _ _ _ _ _ _ _ _ _ _ _ _ _ _ _ _ _ _ _ _ _ _ _ _ _ _ _ _ _ _ _ _ _\n\nself = <selenium.webdriver.support.wait.WebDriverWait (session=\"dfb02769ec447113cc53c7e524739f17\")>\nmethod = <function visibility_of_element_located.<locals>._predicate at 0x7f34420043a0>, message = ''\n\n    def until(self, method, message: str = \"\"):\n        \"\"\"Calls the method provided with the driver as an argument until the \\\n        return value does not evaluate to ``False``.\n    \n        :param method: callable(WebDriver)\n        :param message: optional message for :exc:`TimeoutException`\n        :returns: the result of the last call to `method`\n        :raises: :exc:`selenium.common.exceptions.TimeoutException` if timeout occurs\n        \"\"\"\n        screen = None\n        stacktrace = None\n    \n        end_time = time.monotonic() + self._timeout\n        while True:\n            try:\n                value = method(self._driver)\n                if value:\n                    return value\n            except self._ignored_exceptions as exc:\n                screen = getattr(exc, \"screen\", None)\n                stacktrace = getattr(exc, \"stacktrace\", None)\n            time.sleep(self._poll)\n            if time.monotonic() > end_time:\n                break\n>       raise TimeoutException(message, screen, stacktrace)\nE       selenium.common.exceptions.TimeoutException: Message: \nE       Stacktrace:\nE       #0 0x561b0491cd93 <unknown>\nE       #1 0x561b046eb2d7 <unknown>\nE       #2 0x561b04727caa <unknown>\nE       #3 0x561b04727db1 <unknown>\nE       #4 0x561b047658f4 <unknown>\nE       #5 0x561b0474b61d <unknown>\nE       #6 0x561b04763619 <unknown>\nE       #7 0x561b0474b353 <unknown>\nE       #8 0x561b0471ae40 <unknown>\nE       #9 0x561b0471c038 <unknown>\nE       #10 0x561b049708be <unknown>\nE       #11 0x561b049748f0 <unknown>\nE       #12 0x561b04954f90 <unknown>\nE       #13 0x561b04975b7d <unknown>\nE       #14 0x561b04946578 <unknown>\nE       #15 0x561b0499a348 <unknown>\nE       #16 0x561b0499a4d6 <unknown>\nE       #17 0x561b049b4341 <unknown>\nE       #18 0x7f676de94b43 <unknown>\n\n../../.local/lib/python3.10/site-packages/selenium/webdriver/support/wait.py:95: TimeoutException"}, "description": "Should create the client and display the toast message", "start": 1678856934489, "stop": 1678856955634, "uuid": "485bbfc9-6c3a-4ffa-a272-7ea45902b04b", "historyId": "70d3e1bfa1a580b84752a234348433d2", "testCaseId": "7b24aee33915f643097a156e86999dad", "fullName": "Test_Suites.test_all_module.Test_client#test_create_client_button", "labels": [{"name": "severity", "value": "CRITICAL"}, {"name": "tag", "value": "order(114)"}, {"name": "tag", "value": "@pytest.mark.usefixtures('init_driver')"}, {"name": "parentSuite", "value": "Test_Suites"}, {"name": "suite", "value": "test_all_module"}, {"name": "subSuite", "value": "Test_client"}, {"name": "host", "value": "sujith-HP-Compaq-Elite-8300-SFF"}, {"name": "thread", "value": "5824-MainThread"}, {"name": "framework", "value": "pytest"}, {"name": "language", "value": "cpython3"}, {"name": "package", "value": "Test_Suites.test_all_module"}]}