{"name": "test_edit_mandatory_fields", "status": "broken", "statusDetails": {"message": "selenium.common.exceptions.TimeoutException: Message: \nStacktrace:\n#0 0x55a813f8dd93 <unknown>\n#1 0x55a813d5c2d7 <unknown>\n#2 0x55a813d98caa <unknown>\n#3 0x55a813d98db1 <unknown>\n#4 0x55a813dd68f4 <unknown>\n#5 0x55a813dbc61d <unknown>\n#6 0x55a813dd4619 <unknown>\n#7 0x55a813dbc353 <unknown>\n#8 0x55a813d8be40 <unknown>\n#9 0x55a813d8d038 <unknown>\n#10 0x55a813fe18be <unknown>\n#11 0x55a813fe58f0 <unknown>\n#12 0x55a813fc5f90 <unknown>\n#13 0x55a813fe6b7d <unknown>\n#14 0x55a813fb7578 <unknown>\n#15 0x55a81400b348 <unknown>\n#16 0x55a81400b4d6 <unknown>\n#17 0x55a814025341 <unknown>\n#18 0x7f662ec94b43 <unknown>", "trace": "self = <TestCases.Package_entity_management.TC_failure_reason.Test_Failure_Reason testMethod=test_edit_mandatory_fields>\n\n    @allure.description(\"Should display the validation message on mandatory fields\")\n    @allure.severity(severity_level=\"CRITICAL\")\n    @pytest.mark.order(7_08)\n    def test_edit_mandatory_fields(self):\n        self.failure_reason =failure_reason(self.driver)\n>       self.failure_reason.edit_failure_reason_mandatory_field()\n\nTestCases/Package_entity_management/TC_failure_reason.py:80: \n_ _ _ _ _ _ _ _ _ _ _ _ _ _ _ _ _ _ _ _ _ _ _ _ _ _ _ _ _ _ _ _ _ _ _ _ _ _ _ _ _ _ _ _ _ _ _ _ _ _ _ _ _ _ _ _ _ _ _ _ _ _ _ _ _ _ _ _ _ _ _ _ _ _ _ _ _ _\npage_objects/entity_Management/failure_reason.py:132: in edit_failure_reason_mandatory_field\n    element = WebDriverWait(self.driver, 10).until(\n_ _ _ _ _ _ _ _ _ _ _ _ _ _ _ _ _ _ _ _ _ _ _ _ _ _ _ _ _ _ _ _ _ _ _ _ _ _ _ _ _ _ _ _ _ _ _ _ _ _ _ _ _ _ _ _ _ _ _ _ _ _ _ _ _ _ _ _ _ _ _ _ _ _ _ _ _ _\n\nself = <selenium.webdriver.support.wait.WebDriverWait (session=\"f979ace3f5ba85f1a0497604f60a17d7\")>\nmethod = <function presence_of_element_located.<locals>._predicate at 0x7f8bd45d6dd0>, message = ''\n\n    def until(self, method, message: str = \"\"):\n        \"\"\"Calls the method provided with the driver as an argument until the \\\n        return value does not evaluate to ``False``.\n    \n        :param method: callable(WebDriver)\n        :param message: optional message for :exc:`TimeoutException`\n        :returns: the result of the last call to `method`\n        :raises: :exc:`selenium.common.exceptions.TimeoutException` if timeout occurs\n        \"\"\"\n        screen = None\n        stacktrace = None\n    \n        end_time = time.monotonic() + self._timeout\n        while True:\n            try:\n                value = method(self._driver)\n                if value:\n                    return value\n            except self._ignored_exceptions as exc:\n                screen = getattr(exc, \"screen\", None)\n                stacktrace = getattr(exc, \"stacktrace\", None)\n            time.sleep(self._poll)\n            if time.monotonic() > end_time:\n                break\n>       raise TimeoutException(message, screen, stacktrace)\nE       selenium.common.exceptions.TimeoutException: Message: \nE       Stacktrace:\nE       #0 0x55a813f8dd93 <unknown>\nE       #1 0x55a813d5c2d7 <unknown>\nE       #2 0x55a813d98caa <unknown>\nE       #3 0x55a813d98db1 <unknown>\nE       #4 0x55a813dd68f4 <unknown>\nE       #5 0x55a813dbc61d <unknown>\nE       #6 0x55a813dd4619 <unknown>\nE       #7 0x55a813dbc353 <unknown>\nE       #8 0x55a813d8be40 <unknown>\nE       #9 0x55a813d8d038 <unknown>\nE       #10 0x55a813fe18be <unknown>\nE       #11 0x55a813fe58f0 <unknown>\nE       #12 0x55a813fc5f90 <unknown>\nE       #13 0x55a813fe6b7d <unknown>\nE       #14 0x55a813fb7578 <unknown>\nE       #15 0x55a81400b348 <unknown>\nE       #16 0x55a81400b4d6 <unknown>\nE       #17 0x55a814025341 <unknown>\nE       #18 0x7f662ec94b43 <unknown>\n\n../../.local/lib/python3.10/site-packages/selenium/webdriver/support/wait.py:95: TimeoutException"}, "description": "Should display the validation message on mandatory fields", "start": 1678878566846, "stop": 1678878577656, "uuid": "68b32372-b82a-4177-bf50-419366044f37", "historyId": "f004c913d1c8f3058809811b4150bd25", "testCaseId": "9ccbf66032f33b42fa46506bc1069670", "fullName": "Test_Suites.test_all_module.Test_Failure_Reason#test_edit_mandatory_fields", "labels": [{"name": "severity", "value": "CRITICAL"}, {"name": "tag", "value": "order(708)"}, {"name": "tag", "value": "@pytest.mark.usefixtures('init_driver')"}, {"name": "parentSuite", "value": "Test_Suites"}, {"name": "suite", "value": "test_all_module"}, {"name": "subSuite", "value": "Test_Failure_Reason"}, {"name": "host", "value": "sujith-HP-Compaq-Elite-8300-SFF"}, {"name": "thread", "value": "60441-MainThread"}, {"name": "framework", "value": "pytest"}, {"name": "language", "value": "cpython3"}, {"name": "package", "value": "Test_Suites.test_all_module"}]}