{"name": "test_edit_button_in_view_manufacturer", "status": "broken", "statusDetails": {"message": "selenium.common.exceptions.TimeoutException: Message: \nStacktrace:\n#0 0x55b4ef604d93 <unknown>\n#1 0x55b4ef3d32d7 <unknown>\n#2 0x55b4ef40fcaa <unknown>\n#3 0x55b4ef40fdb1 <unknown>\n#4 0x55b4ef44d8f4 <unknown>\n#5 0x55b4ef43361d <unknown>\n#6 0x55b4ef44b619 <unknown>\n#7 0x55b4ef433353 <unknown>\n#8 0x55b4ef402e40 <unknown>\n#9 0x55b4ef404038 <unknown>\n#10 0x55b4ef6588be <unknown>\n#11 0x55b4ef65c8f0 <unknown>\n#12 0x55b4ef63cf90 <unknown>\n#13 0x55b4ef65db7d <unknown>\n#14 0x55b4ef62e578 <unknown>\n#15 0x55b4ef682348 <unknown>\n#16 0x55b4ef6824d6 <unknown>\n#17 0x55b4ef69c341 <unknown>\n#18 0x7f6430094b43 <unknown>", "trace": "self = <TestCases.Package_entity_management.TC_manufacturer.Test_Manufacturer testMethod=test_edit_button_in_view_manufacturer>\n\n    @allure.description(\"Should display the edit Manufacturer popup window \")\n    @allure.severity(severity_level=\"CRITICAL\")\n    @pytest.mark.order(8_07)\n    def test_edit_button_in_view_manufacturer(self):\n        self.manufacturer = manufacturer(self.driver)\n>       self.manufacturer.edit_manufacturer_button()\n\nTestCases/Package_entity_management/TC_manufacturer.py:79: \n_ _ _ _ _ _ _ _ _ _ _ _ _ _ _ _ _ _ _ _ _ _ _ _ _ _ _ _ _ _ _ _ _ _ _ _ _ _ _ _ _ _ _ _ _ _ _ _ _ _ _ _ _ _ _ _ _ _ _ _ _ _ _ _ _ _ _ _ _ _ _ _ _ _ _ _ _ _\npage_objects/entity_Management/manufacturer.py:128: in edit_manufacturer_button\n    element = WebDriverWait(self.driver, 20).until(\n_ _ _ _ _ _ _ _ _ _ _ _ _ _ _ _ _ _ _ _ _ _ _ _ _ _ _ _ _ _ _ _ _ _ _ _ _ _ _ _ _ _ _ _ _ _ _ _ _ _ _ _ _ _ _ _ _ _ _ _ _ _ _ _ _ _ _ _ _ _ _ _ _ _ _ _ _ _\n\nself = <selenium.webdriver.support.wait.WebDriverWait (session=\"9e51be2a7f655a29c581002cfa9a9b8e\")>\nmethod = <function visibility_of_element_located.<locals>._predicate at 0x7f878ca401f0>, message = ''\n\n    def until(self, method, message: str = \"\"):\n        \"\"\"Calls the method provided with the driver as an argument until the \\\n        return value does not evaluate to ``False``.\n    \n        :param method: callable(WebDriver)\n        :param message: optional message for :exc:`TimeoutException`\n        :returns: the result of the last call to `method`\n        :raises: :exc:`selenium.common.exceptions.TimeoutException` if timeout occurs\n        \"\"\"\n        screen = None\n        stacktrace = None\n    \n        end_time = time.monotonic() + self._timeout\n        while True:\n            try:\n                value = method(self._driver)\n                if value:\n                    return value\n            except self._ignored_exceptions as exc:\n                screen = getattr(exc, \"screen\", None)\n                stacktrace = getattr(exc, \"stacktrace\", None)\n            time.sleep(self._poll)\n            if time.monotonic() > end_time:\n                break\n>       raise TimeoutException(message, screen, stacktrace)\nE       selenium.common.exceptions.TimeoutException: Message: \nE       Stacktrace:\nE       #0 0x55b4ef604d93 <unknown>\nE       #1 0x55b4ef3d32d7 <unknown>\nE       #2 0x55b4ef40fcaa <unknown>\nE       #3 0x55b4ef40fdb1 <unknown>\nE       #4 0x55b4ef44d8f4 <unknown>\nE       #5 0x55b4ef43361d <unknown>\nE       #6 0x55b4ef44b619 <unknown>\nE       #7 0x55b4ef433353 <unknown>\nE       #8 0x55b4ef402e40 <unknown>\nE       #9 0x55b4ef404038 <unknown>\nE       #10 0x55b4ef6588be <unknown>\nE       #11 0x55b4ef65c8f0 <unknown>\nE       #12 0x55b4ef63cf90 <unknown>\nE       #13 0x55b4ef65db7d <unknown>\nE       #14 0x55b4ef62e578 <unknown>\nE       #15 0x55b4ef682348 <unknown>\nE       #16 0x55b4ef6824d6 <unknown>\nE       #17 0x55b4ef69c341 <unknown>\nE       #18 0x7f6430094b43 <unknown>\n\n../../.local/lib/python3.10/site-packages/selenium/webdriver/support/wait.py:95: TimeoutException"}, "description": "Should display the edit Manufacturer popup window ", "start": 1678887724637, "stop": 1678887745721, "uuid": "acb02137-3c2b-4857-95cc-48a187011c46", "historyId": "e090ead4a8170644b13866b79c04983f", "testCaseId": "0b4bb764e62af8611a0dac3a5b80a9f6", "fullName": "Test_Suites.test_all_module.Test_Manufacturer#test_edit_button_in_view_manufacturer", "labels": [{"name": "severity", "value": "CRITICAL"}, {"name": "tag", "value": "order(807)"}, {"name": "tag", "value": "@pytest.mark.usefixtures('init_driver')"}, {"name": "parentSuite", "value": "Test_Suites"}, {"name": "suite", "value": "test_all_module"}, {"name": "subSuite", "value": "Test_Manufacturer"}, {"name": "host", "value": "sujith-HP-Compaq-Elite-8300-SFF"}, {"name": "thread", "value": "79826-MainThread"}, {"name": "framework", "value": "pytest"}, {"name": "language", "value": "cpython3"}, {"name": "package", "value": "Test_Suites.test_all_module"}]}