{"name": "test_view_asset", "status": "failed", "statusDetails": {"message": "AssertionError", "trace": "self = <TestCases.Package_entity_management.TC_asset.Test_Asset testMethod=test_view_asset>\n\n    @allure.description(\"Should view the created asset\")\n    @allure.severity(severity_level=\"CRITICAL\")\n    @pytest.mark.order(5_06)\n    def test_view_asset(self):\n        self.asset = asset(self.driver)\n>       self.asset.view_asset(\"Model_10\")\n\nTestCases/Package_entity_management/TC_asset.py:72: \n_ _ _ _ _ _ _ _ _ _ _ _ _ _ _ _ _ _ _ _ _ _ _ _ _ _ _ _ _ _ _ _ _ _ _ _ _ _ _ _ _ _ _ _ _ _ _ _ _ _ _ _ _ _ _ _ _ _ _ _ _ _ _ _ _ _ _ _ _ _ _ _ _ _ _ _ _ _\n\nself = <page_objects.entity_Management.asset.asset object at 0x7f076dd0ac20>, modal = 'Model_10'\n\n    def view_asset(self,modal):\n        element = WebDriverWait(self.driver, 10).until(EC.presence_of_all_elements_located((By.XPATH,self.created_asset_in_listView_xpath)))\n        for x in element:\n            if x.text in modal:\n                x.click()\n                if WebDriverWait(self.driver, 50).until(\n                    EC.title_contains('Brighter App | Asset | View')):\n                    assert True\n                else:\n                    allure.attach(self.driver.get_screenshot_as_png(),name=\"view_asset\",attachment_type=AttachmentType.PNG)\n                    # self.driver.save_screenshot(\"view_asset.png\")\n                    assert False\n                break\n            else:\n                allure.attach(self.driver.get_screenshot_as_png(),name=\"listView_asset_notFound\",attachment_type=AttachmentType.PNG)\n                # self.driver.save_screenshot(\"listView_asset_notFound.png\")\n>               assert False\nE               AssertionError\n\npage_objects/entity_Management/asset.py:127: AssertionError"}, "description": "Should view the created asset", "attachments": [{"name": "listView_asset_notFound", "source": "2b5d4ce7-bfd9-4ec3-bf10-2dab808fe9d2-attachment.png", "type": "image/png"}], "start": 1678874486815, "stop": 1678874487029, "uuid": "b33adc62-7161-4461-a4a3-1f6ca9349d3e", "historyId": "e780edd0e805fb78593204c7b02e9aa6", "testCaseId": "f90df49bce07510795f924fdedbde16c", "fullName": "Test_Suites.test_all_module.Test_Asset#test_view_asset", "labels": [{"name": "severity", "value": "CRITICAL"}, {"name": "tag", "value": "order(506)"}, {"name": "tag", "value": "@pytest.mark.usefixtures('init_driver')"}, {"name": "parentSuite", "value": "Test_Suites"}, {"name": "suite", "value": "test_all_module"}, {"name": "subSuite", "value": "Test_Asset"}, {"name": "host", "value": "sujith-HP-Compaq-Elite-8300-SFF"}, {"name": "thread", "value": "45014-MainThread"}, {"name": "framework", "value": "pytest"}, {"name": "language", "value": "cpython3"}, {"name": "package", "value": "Test_Suites.test_all_module"}]}