{"name": "test_ticket_count_list_view", "status": "failed", "statusDetails": {"message": "AssertionError", "trace": "self = <TestCases.Package_maintenance.TC_remedial_maintenance.Test_Remedial testMethod=test_ticket_count_list_view>\n\n    @pytest.mark.order(4_16)\n    def test_ticket_count_list_view(self):\n        self.remedial = remedial_maintenance(self.driver)\n>       self.remedial.ticket_listview_count()\n\nTestCases/Package_maintenance/TC_remedial_maintenance.py:120: \n_ _ _ _ _ _ _ _ _ _ _ _ _ _ _ _ _ _ _ _ _ _ _ _ _ _ _ _ _ _ _ _ _ _ _ _ _ _ _ _ _ _ _ _ _ _ _ _ _ _ _ _ _ _ _ _ _ _ _ _ _ _ _ _ _ _ _ _\n\nself = <page_objects.remedial_maintenance.remedial_maintenance object at 0x7f0e5600d120>\n\n    def ticket_listview_count(self):\n        count = 0\n        isNextDisabled = False\n        while not isNextDisabled:\n            validate_status = self.driver.find_elements(\n                By.XPATH, '//div[@class=\"user-name\"]'\n            )\n            for x in validate_status:\n                count += 1\n            nxt_btn = WebDriverWait(self.driver, 10).until(\n                EC.presence_of_element_located(\n                    (By.XPATH, \"//div[@class='card-inner']//li[last()-2]\")\n                )\n            )\n            next_class = nxt_btn.get_attribute(\"class\")\n            if \"page-item disabled\" in next_class:\n                isNextDisabled = True\n                break\n            else:\n                self.driver.find_element(\n                    By.XPATH, \"//div[@class='card-inner']//li[last()-2]\"\n                ).click()\n        self.driver.find_element(\n            By.XPATH, \"(//div[@class='card-inner']//li)[2]\"\n        ).click()\n        element = self.driver.find_element(\n            By.XPATH, '//p[contains(text(),\"You have a total\")]'\n        ).text\n    \n        if element[20:22] == str(count):\n            assert True\n        else:\n            allure.attach(\n                self.driver.get_screenshot_as_png(),\n                name=\"Number_of_ticket_count\",\n                attachment_type=AttachmentType.PNG,\n            )\n            # self.driver.save_screenshot(\"Number_of_ticket_count.png\")\n>           assert False\nE           AssertionError\n\npage_objects/remedial_maintenance.py:587: AssertionError"}, "attachments": [{"name": "Number_of_ticket_count", "source": "25e9daa9-b397-453d-9b52-d413966fd718-attachment.png", "type": "image/png"}], "start": 1678950162849, "stop": 1678950163305, "uuid": "14bac8c2-34a5-4d62-8a0d-a21ffa35cbec", "historyId": "aeb718dec39051cb9e6ec1cd713c0179", "testCaseId": "04b48560aae9814da4d3e3bebac4cdea", "fullName": "Test_Suites.test_all_module.Test_Remedial#test_ticket_count_list_view", "labels": [{"name": "tag", "value": "order(416)"}, {"name": "tag", "value": "@pytest.mark.usefixtures('init_driver')"}, {"name": "parentSuite", "value": "Test_Suites"}, {"name": "suite", "value": "test_all_module"}, {"name": "subSuite", "value": "Test_Remedial"}, {"name": "host", "value": "sujith-HP-Compaq-Elite-8300-SFF"}, {"name": "thread", "value": "29218-MainThread"}, {"name": "framework", "value": "pytest"}, {"name": "language", "value": "cpython3"}, {"name": "package", "value": "Test_Suites.test_all_module"}]}