{"name": "test_unarchived_plant", "status": "broken", "statusDetails": {"message": "selenium.common.exceptions.TimeoutException: Message: \nStacktrace:\n#0 0x55bc8cca2d93 <unknown>\n#1 0x55bc8ca712d7 <unknown>\n#2 0x55bc8caadcaa <unknown>\n#3 0x55bc8caaddb1 <unknown>\n#4 0x55bc8caeb8f4 <unknown>\n#5 0x55bc8cad161d <unknown>\n#6 0x55bc8cae9619 <unknown>\n#7 0x55bc8cad1353 <unknown>\n#8 0x55bc8caa0e40 <unknown>\n#9 0x55bc8caa2038 <unknown>\n#10 0x55bc8ccf68be <unknown>\n#11 0x55bc8ccfa8f0 <unknown>\n#12 0x55bc8ccdaf90 <unknown>\n#13 0x55bc8ccfbb7d <unknown>\n#14 0x55bc8cccc578 <unknown>\n#15 0x55bc8cd20348 <unknown>\n#16 0x55bc8cd204d6 <unknown>\n#17 0x55bc8cd3a341 <unknown>\n#18 0x7fb5db294b43 <unknown>", "trace": "self = <TestCases.Package_Plant.TC_plant.Test_plant testMethod=test_unarchived_plant>\n\n    @allure.description(\"Should able to click on unarchive plant button in plant listview and able to unarchive the plant\")\n    @allure.severity(severity_level=\"CRITICAL\")\n    @pytest.mark.order(2_26)\n    def test_unarchived_plant(self):\n        self.plant = Plant(self.driver)\n>       self.plant.unarchived_plant(\"Plant_Diamond_015\")\n\nTestCases/Package_Plant/TC_plant.py:230: \n_ _ _ _ _ _ _ _ _ _ _ _ _ _ _ _ _ _ _ _ _ _ _ _ _ _ _ _ _ _ _ _ _ _ _ _ _ _ _ _ _ _ _ _ _ _ _ _ _ _ _ _ _ _ _ _ _ _ _ _ _ _ _ _ _ _ _ _ _ _ _ _ _ _ _ _ _ _\npage_objects/plant_module.py:431: in unarchived_plant\n    element = WebDriverWait(self.driver, 10).until(\n_ _ _ _ _ _ _ _ _ _ _ _ _ _ _ _ _ _ _ _ _ _ _ _ _ _ _ _ _ _ _ _ _ _ _ _ _ _ _ _ _ _ _ _ _ _ _ _ _ _ _ _ _ _ _ _ _ _ _ _ _ _ _ _ _ _ _ _ _ _ _ _ _ _ _ _ _ _\n\nself = <selenium.webdriver.support.wait.WebDriverWait (session=\"a1e33a1c2af5d516ffa88d5ea738f8fa\")>\nmethod = <function element_to_be_clickable.<locals>._predicate at 0x7f9c10e989d0>, message = ''\n\n    def until(self, method, message: str = \"\"):\n        \"\"\"Calls the method provided with the driver as an argument until the \\\n        return value does not evaluate to ``False``.\n    \n        :param method: callable(WebDriver)\n        :param message: optional message for :exc:`TimeoutException`\n        :returns: the result of the last call to `method`\n        :raises: :exc:`selenium.common.exceptions.TimeoutException` if timeout occurs\n        \"\"\"\n        screen = None\n        stacktrace = None\n    \n        end_time = time.monotonic() + self._timeout\n        while True:\n            try:\n                value = method(self._driver)\n                if value:\n                    return value\n            except self._ignored_exceptions as exc:\n                screen = getattr(exc, \"screen\", None)\n                stacktrace = getattr(exc, \"stacktrace\", None)\n            time.sleep(self._poll)\n            if time.monotonic() > end_time:\n                break\n>       raise TimeoutException(message, screen, stacktrace)\nE       selenium.common.exceptions.TimeoutException: Message: \nE       Stacktrace:\nE       #0 0x55bc8cca2d93 <unknown>\nE       #1 0x55bc8ca712d7 <unknown>\nE       #2 0x55bc8caadcaa <unknown>\nE       #3 0x55bc8caaddb1 <unknown>\nE       #4 0x55bc8caeb8f4 <unknown>\nE       #5 0x55bc8cad161d <unknown>\nE       #6 0x55bc8cae9619 <unknown>\nE       #7 0x55bc8cad1353 <unknown>\nE       #8 0x55bc8caa0e40 <unknown>\nE       #9 0x55bc8caa2038 <unknown>\nE       #10 0x55bc8ccf68be <unknown>\nE       #11 0x55bc8ccfa8f0 <unknown>\nE       #12 0x55bc8ccdaf90 <unknown>\nE       #13 0x55bc8ccfbb7d <unknown>\nE       #14 0x55bc8cccc578 <unknown>\nE       #15 0x55bc8cd20348 <unknown>\nE       #16 0x55bc8cd204d6 <unknown>\nE       #17 0x55bc8cd3a341 <unknown>\nE       #18 0x7fb5db294b43 <unknown>\n\n../../.local/lib/python3.10/site-packages/selenium/webdriver/support/wait.py:95: TimeoutException"}, "description": "Should able to click on unarchive plant button in plant listview and able to unarchive the plant", "start": 1678873619506, "stop": 1678873630180, "uuid": "820262bc-1a29-44c2-8c19-dda568f1745d", "historyId": "f4705640d5ad513f887f9d55325a306f", "testCaseId": "fffc7fdea551a83b6560fb3272911589", "fullName": "Test_Suites.test_all_module.Test_plant#test_unarchived_plant", "labels": [{"name": "severity", "value": "CRITICAL"}, {"name": "tag", "value": "order(226)"}, {"name": "tag", "value": "@pytest.mark.usefixtures('init_driver')"}, {"name": "parentSuite", "value": "Test_Suites"}, {"name": "suite", "value": "test_all_module"}, {"name": "subSuite", "value": "Test_plant"}, {"name": "host", "value": "sujith-HP-Compaq-Elite-8300-SFF"}, {"name": "thread", "value": "38359-MainThread"}, {"name": "framework", "value": "pytest"}, {"name": "language", "value": "cpython3"}, {"name": "package", "value": "Test_Suites.test_all_module"}]}